0 verbose cli C:\Program Files\nodejs\node.exe C:\Program Files\nodejs\node_modules\npm\bin\npm-cli.js
1 info using npm@11.16.0
2 info using node@v24.18.0
3 silly config load:file:C:\Program Files\nodejs\node_modules\npm\npmrc
4 silly config load:file:C:\Sideline Social\Sideline Social Code\SidelineSquad\Sideline_Squad_v1_0_v0\.npmrc
5 silly config load:file:C:\Users\joann\.npmrc
6 silly config load:file:C:\Users\joann\AppData\Roaming\npm\etc\npmrc
7 verbose title npm install lucide-react-native react-native-reanimated@~4.1.1 react-native-maps@1.20.1 @expo-google-fonts/playfair-display @expo-google-fonts/montserrat @expo-google-fonts/caveat @react-native-firebase/app @react-native-firebase/auth @react-native-firebase/firestore @react-native-firebase/database @react-native-firebase/functions @react-native-firebase/messaging geofire-common @catdoes/watch @gluestack-ui/core @gluestack-ui/utils @expo/html-elements @legendapp/motion tailwind-variants
8 verbose argv "install" "lucide-react-native" "react-native-reanimated@~4.1.1" "react-native-maps@1.20.1" "@expo-google-fonts/playfair-display" "@expo-google-fonts/montserrat" "@expo-google-fonts/caveat" "@react-native-firebase/app" "@react-native-firebase/auth" "@react-native-firebase/firestore" "@react-native-firebase/database" "@react-native-firebase/functions" "@react-native-firebase/messaging" "geofire-common" "@catdoes/watch" "@gluestack-ui/core" "@gluestack-ui/utils" "@expo/html-elements" "@legendapp/motion" "tailwind-variants" "--cache" ".\\.npm-install-cache" "--legacy-peer-deps"
9 verbose logfile logs-max:10 dir:C:\Sideline Social\Sideline Social Code\SidelineSquad\Sideline_Squad_v1_0_v0\.npm-install-cache\_logs\2026-06-27T18_56_46_706Z-
10 verbose logfile C:\Sideline Social\Sideline Social Code\SidelineSquad\Sideline_Squad_v1_0_v0\.npm-install-cache\_logs\2026-06-27T18_56_46_706Z-debug-0.log
11 silly logfile done cleaning log files
12 silly packumentCache heap:4496293888 maxSize:1124073472 maxEntrySize:562036736
13 silly idealTree buildDeps
14 silly fetch manifest lucide-react-native@*
15 silly packumentCache full:https://registry.npmjs.org/lucide-react-native cache-miss
16 verbose shrinkwrap failed to load node_modules/.package-lock.json out of date, updated: node_modules/react-native-css-interop
17 http fetch GET 200 https://registry.npmjs.org/npm 577ms
18 http fetch GET 200 https://registry.npmjs.org/lucide-react-native 340ms (cache miss)
19 silly fetch manifest react-native-reanimated@~4.1.1
20 silly packumentCache full:https://registry.npmjs.org/react-native-reanimated cache-miss
21 http fetch GET 200 https://registry.npmjs.org/react-native-reanimated 197ms (cache miss)
22 silly fetch manifest react-native-maps@1.20.1
23 silly packumentCache full:https://registry.npmjs.org/react-native-maps cache-miss
24 http fetch GET 200 https://registry.npmjs.org/react-native-maps 136ms (cache miss)
25 silly fetch manifest @expo-google-fonts/playfair-display@*
26 silly packumentCache full:https://registry.npmjs.org/@expo-google-fonts%2fplayfair-display cache-miss
27 http fetch GET 200 https://registry.npmjs.org/@expo-google-fonts%2fplayfair-display 230ms (cache miss)
28 silly fetch manifest @expo-google-fonts/montserrat@*
29 silly packumentCache full:https://registry.npmjs.org/@expo-google-fonts%2fmontserrat cache-miss
30 http fetch GET 200 https://registry.npmjs.org/@expo-google-fonts%2fmontserrat 210ms (cache miss)
31 silly fetch manifest @expo-google-fonts/caveat@*
32 silly packumentCache full:https://registry.npmjs.org/@expo-google-fonts%2fcaveat cache-miss
33 http fetch GET 200 https://registry.npmjs.org/@expo-google-fonts%2fcaveat 315ms (cache miss)
34 silly fetch manifest @react-native-firebase/app@*
35 silly packumentCache full:https://registry.npmjs.org/@react-native-firebase%2fapp cache-miss
36 http fetch GET 200 https://registry.npmjs.org/@react-native-firebase%2fapp 84ms (cache miss)
37 silly fetch manifest @react-native-firebase/auth@*
38 silly packumentCache full:https://registry.npmjs.org/@react-native-firebase%2fauth cache-miss
39 http fetch GET 200 https://registry.npmjs.org/@react-native-firebase%2fauth 263ms (cache miss)
40 silly fetch manifest @react-native-firebase/firestore@*
41 silly packumentCache full:https://registry.npmjs.org/@react-native-firebase%2ffirestore cache-miss
42 http fetch GET 200 https://registry.npmjs.org/@react-native-firebase%2ffirestore 239ms (cache miss)
43 silly fetch manifest @react-native-firebase/database@*
44 silly packumentCache full:https://registry.npmjs.org/@react-native-firebase%2fdatabase cache-miss
45 http fetch GET 200 https://registry.npmjs.org/@react-native-firebase%2fdatabase 276ms (cache miss)
46 silly fetch manifest @react-native-firebase/functions@*
47 silly packumentCache full:https://registry.npmjs.org/@react-native-firebase%2ffunctions cache-miss
48 http fetch GET 200 https://registry.npmjs.org/@react-native-firebase%2ffunctions 218ms (cache miss)
49 silly fetch manifest @react-native-firebase/messaging@*
50 silly packumentCache full:https://registry.npmjs.org/@react-native-firebase%2fmessaging cache-miss
51 http fetch GET 200 https://registry.npmjs.org/@react-native-firebase%2fmessaging 208ms (cache miss)
52 silly fetch manifest geofire-common@*
53 silly packumentCache full:https://registry.npmjs.org/geofire-common cache-miss
54 http fetch GET 200 https://registry.npmjs.org/geofire-common 152ms (cache miss)
55 silly fetch manifest @catdoes/watch@*
56 silly packumentCache full:https://registry.npmjs.org/@catdoes%2fwatch cache-miss
57 http fetch GET 200 https://registry.npmjs.org/@catdoes%2fwatch 48ms (cache miss)
58 silly fetch manifest @gluestack-ui/core@*
59 silly packumentCache full:https://registry.npmjs.org/@gluestack-ui%2fcore cache-miss
60 http fetch GET 200 https://registry.npmjs.org/@gluestack-ui%2fcore 51ms (cache miss)
61 silly fetch manifest @gluestack-ui/utils@*
62 silly packumentCache full:https://registry.npmjs.org/@gluestack-ui%2futils cache-miss
63 http fetch GET 200 https://registry.npmjs.org/@gluestack-ui%2futils 295ms (cache miss)
64 silly fetch manifest @expo/html-elements@*
65 silly packumentCache full:https://registry.npmjs.org/@expo%2fhtml-elements cache-miss
66 http fetch GET 200 https://registry.npmjs.org/@expo%2fhtml-elements 236ms (cache miss)
67 silly fetch manifest @legendapp/motion@*
68 silly packumentCache full:https://registry.npmjs.org/@legendapp%2fmotion cache-miss
69 http fetch GET 200 https://registry.npmjs.org/@legendapp%2fmotion 217ms (cache miss)
70 silly fetch manifest tailwind-variants@*
71 silly packumentCache full:https://registry.npmjs.org/tailwind-variants cache-miss
72 http fetch GET 200 https://registry.npmjs.org/tailwind-variants 107ms (cache miss)
73 silly placeDep ROOT @catdoes/watch@ OK for: sideline-squad@1.0.0 want: *
74 silly placeDep ROOT @expo-google-fonts/caveat@ OK for: sideline-squad@1.0.0 want: *
75 silly placeDep ROOT @expo-google-fonts/montserrat@ OK for: sideline-squad@1.0.0 want: *
76 silly placeDep ROOT @expo-google-fonts/playfair-display@ OK for: sideline-squad@1.0.0 want: *
77 silly placeDep ROOT @expo/html-elements@ OK for: sideline-squad@1.0.0 want: *
78 silly placeDep ROOT @gluestack-ui/core@ OK for: sideline-squad@1.0.0 want: *
79 silly placeDep ROOT @gluestack-ui/utils@ OK for: sideline-squad@1.0.0 want: *
80 silly placeDep ROOT @legendapp/motion@ OK for: sideline-squad@1.0.0 want: *
81 silly placeDep ROOT @react-native-firebase/app@ OK for: sideline-squad@1.0.0 want: *
82 silly placeDep ROOT @react-native-firebase/auth@ OK for: sideline-squad@1.0.0 want: *
83 silly placeDep ROOT @react-native-firebase/database@ OK for: sideline-squad@1.0.0 want: *
84 silly placeDep ROOT @react-native-firebase/firestore@ OK for: sideline-squad@1.0.0 want: *
85 silly placeDep ROOT @react-native-firebase/functions@ OK for: sideline-squad@1.0.0 want: *
86 silly placeDep ROOT @react-native-firebase/messaging@ OK for: sideline-squad@1.0.0 want: *
87 silly placeDep ROOT geofire-common@ OK for: sideline-squad@1.0.0 want: *
88 silly placeDep ROOT lucide-react-native@ OK for: sideline-squad@1.0.0 want: *
89 silly placeDep ROOT react-native-maps@ OK for: sideline-squad@1.0.0 want: 1.20.1
90 silly placeDep ROOT react-native-reanimated@ OK for: sideline-squad@1.0.0 want: ~4.1.1
91 silly placeDep ROOT tailwind-variants@ OK for: sideline-squad@1.0.0 want: *
92 verbose type system
93 verbose stack FetchError: Invalid response body while trying to fetch https://registry.npmjs.org/@catdoes%2fwatch: EPERM: operation not permitted, unlink 'C:\Sideline Social\Sideline Social Code\SidelineSquad\Sideline_Squad_v1_0_v0\.npm-install-cache\_cacache\tmp\***'
93 verbose stack     at C:\Program Files\nodejs\node_modules\npm\node_modules\minipass-fetch\lib\body.js:174:15
93 verbose stack     at async Response.json (C:\Program Files\nodejs\node_modules\npm\node_modules\minipass-fetch\lib\body.js:75:17)
93 verbose stack     at async RegistryFetcher.packument (C:\Program Files\nodejs\node_modules\npm\node_modules\pacote\lib\registry.js:98:25)
93 verbose stack     at async RegistryFetcher.manifest (C:\Program Files\nodejs\node_modules\npm\node_modules\pacote\lib\registry.js:128:23)
93 verbose stack     at async #fetchManifest (C:\Program Files\nodejs\node_modules\npm\node_modules\@npmcli\arborist\lib\arborist\build-ideal-tree.js:1299:20)
93 verbose stack     at async #nodeFromEdge (C:\Program Files\nodejs\node_modules\npm\node_modules\@npmcli\arborist\lib\arborist\build-ideal-tree.js:1134:19)
93 verbose stack     at async #buildDepStep (C:\Program Files\nodejs\node_modules\npm\node_modules\@npmcli\arborist\lib\arborist\build-ideal-tree.js:978:15)
93 verbose stack     at async Arborist.buildIdealTree (C:\Program Files\nodejs\node_modules\npm\node_modules\@npmcli\arborist\lib\arborist\build-ideal-tree.js:178:7)
93 verbose stack     at async Promise.all (index 1)
93 verbose stack     at async Arborist.reify (C:\Program Files\nodejs\node_modules\npm\node_modules\@npmcli\arborist\lib\arborist\reify.js:112:5)
94 error code EPERM
95 error syscall unlink
96 error path C:\Sideline Social\Sideline Social Code\SidelineSquad\Sideline_Squad_v1_0_v0\.npm-install-cache\_cacache\tmp\***
97 error errno EPERM
98 error FetchError: Invalid response body while trying to fetch https://registry.npmjs.org/@catdoes%2fwatch: EPERM: operation not permitted, unlink 'C:\Sideline Social\Sideline Social Code\SidelineSquad\Sideline_Squad_v1_0_v0\.npm-install-cache\_cacache\tmp\***'
98 error     at C:\Program Files\nodejs\node_modules\npm\node_modules\minipass-fetch\lib\body.js:174:15
98 error     at async Response.json (C:\Program Files\nodejs\node_modules\npm\node_modules\minipass-fetch\lib\body.js:75:17)
98 error     at async RegistryFetcher.packument (C:\Program Files\nodejs\node_modules\npm\node_modules\pacote\lib\registry.js:98:25)
98 error     at async RegistryFetcher.manifest (C:\Program Files\nodejs\node_modules\npm\node_modules\pacote\lib\registry.js:128:23)
98 error     at async #fetchManifest (C:\Program Files\nodejs\node_modules\npm\node_modules\@npmcli\arborist\lib\arborist\build-ideal-tree.js:1299:20)
98 error     at async #nodeFromEdge (C:\Program Files\nodejs\node_modules\npm\node_modules\@npmcli\arborist\lib\arborist\build-ideal-tree.js:1134:19)
98 error     at async #buildDepStep (C:\Program Files\nodejs\node_modules\npm\node_modules\@npmcli\arborist\lib\arborist\build-ideal-tree.js:978:15)
98 error     at async Arborist.buildIdealTree (C:\Program Files\nodejs\node_modules\npm\node_modules\@npmcli\arborist\lib\arborist\build-ideal-tree.js:178:7)
98 error     at async Promise.all (index 1)
98 error     at async Arborist.reify (C:\Program Files\nodejs\node_modules\npm\node_modules\@npmcli\arborist\lib\arborist\reify.js:112:5) {
98 error   code: 'EPERM',
98 error   errno: 'EPERM',
98 error   syscall: 'unlink',
98 error   path: 'C:\\Sideline Social\\Sideline Social Code\\SidelineSquad\\Sideline_Squad_v1_0_v0\\.npm-install-cache\\_cacache\\tmp\\***',
98 error   type: 'system',
98 error   requiredBy: '.'
98 error }
99 error
99 error The operation was rejected by your operating system.
99 error It's possible that the file was already in use (by a text editor or antivirus), or that you lack permissions to access it.
99 error
99 error If you believe this might be a permissions issue, please double-check the permissions of the file and its containing directories, or try running the command again as root/Administrator.
100 silly unfinished npm timer reify 1782586606961
101 silly unfinished npm timer reify:loadTrees 1782586606962
102 verbose cwd C:\Sideline Social\Sideline Social Code\SidelineSquad\Sideline_Squad_v1_0_v0
103 verbose os Windows_NT 10.0.26200
104 verbose node v24.18.0
105 verbose npm  v11.16.0
106 notice
106 notice New minor version of npm available! 11.16.0 -> 11.17.0
106 notice Changelog: https://github.com/npm/cli/releases/tag/v11.17.0
106 notice To update run: npm install -g npm@11.17.0
106 notice  { force: true, Symbol(proc-log.meta): true }
107 verbose exit 1
108 verbose code 1
109 error A complete log of this run can be found in: C:\Sideline Social\Sideline Social Code\SidelineSquad\Sideline_Squad_v1_0_v0\.npm-install-cache\_logs\2026-06-27T18_56_46_706Z-debug-0.log
